<?xml version="1.0" encoding="UTF-8"?>
<!-- Generated by org.testng.reporters.JUnitReportReporter -->
<testsuite skipped="0" hostname="VD-MDU-MMA12" name="TestCases.Test_ToolsQA_HomePage" tests="3" failures="0" timestamp="2019-11-25T18:59:52 IST" time="30.396" errors="0">
  <testcase name="Test01_TopMenu_InteractionsMenu" time="5.701" classname="TestCases.Test_ToolsQA_HomePage"/>
  <testcase name="Test03_TopMenu_ToolTipsMenu" time="16.581" classname="TestCases.Test_ToolsQA_HomePage"/>
  <testcase name="Test02_TopMenu_WidgetMenu" time="8.114" classname="TestCases.Test_ToolsQA_HomePage"/>
</testsuite> <!-- TestCases.Test_ToolsQA_HomePage -->
